2022-06-05_00:18:00.474 [http-nio-8089-exec-3] INFO  c.p.t.r.services.UserServiceImpl - INFO - Register user started execution
2022-06-05_00:18:00.475 [http-nio-8089-exec-3] WARN  c.p.t.r.services.UserServiceImpl - WARN - Register user started execution
2022-06-05_00:18:00.475 [http-nio-8089-exec-3] ERROR c.p.t.r.services.UserServiceImpl - ERROR - Register user started execution
2022-06-05_00:18:00.475 [http-nio-8089-exec-3] INFO  c.p.t.r.services.UserServiceImpl - Checking if user exists started
2022-06-05_00:18:00.509 [http-nio-8089-exec-3] INFO  c.p.t.r.services.UserServiceImpl - User: 3 does exist
2022-06-05_00:18:00.509 [http-nio-8089-exec-3] WARN  c.p.t.r.services.UserServiceImpl - User: 3 already exists
2022-06-05_00:18:44.886 [http-nio-8089-exec-4] INFO  c.p.t.r.services.UserServiceImpl - INFO - Register user started execution
2022-06-05_00:18:44.886 [http-nio-8089-exec-4] WARN  c.p.t.r.services.UserServiceImpl - WARN - Register user started execution
2022-06-05_00:18:44.886 [http-nio-8089-exec-4] ERROR c.p.t.r.services.UserServiceImpl - ERROR - Register user started execution
2022-06-05_00:18:44.886 [http-nio-8089-exec-4] INFO  c.p.t.r.services.UserServiceImpl - Checking if user exists started
2022-06-05_00:18:44.888 [http-nio-8089-exec-4] INFO  c.p.t.r.services.UserServiceImpl - User: 3 does exist
2022-06-05_00:18:44.888 [http-nio-8089-exec-4] WARN  c.p.t.r.services.UserServiceImpl - User: 3 already exists
2022-06-05_15:48:57.931 [http-nio-8089-exec-3] INFO  c.p.t.r.services.UserServiceImpl - INFO - Get users user started execution
2022-06-05_15:48:57.932 [http-nio-8089-exec-3] WARN  c.p.t.r.services.UserServiceImpl - WARN - Get users user started execution
2022-06-05_15:48:57.932 [http-nio-8089-exec-3] ERROR c.p.t.r.services.UserServiceImpl - ERROR - Get users user started execution
2022-06-05_15:49:52.622 [http-nio-8089-exec-4] INFO  c.p.t.r.services.UserServiceImpl - Adding item(s) to cart started execution
2022-06-05_15:49:52.636 [http-nio-8089-exec-4] INFO  c.p.t.r.services.UserServiceImpl - Checking if user exists started
2022-06-05_15:49:52.646 [http-nio-8089-exec-4] INFO  c.p.t.r.services.UserServiceImpl - User: 8 does exist
2022-06-05_15:49:52.713 [http-nio-8089-exec-4] INFO  c.p.t.r.services.UserServiceImpl - Item(s) added to cart successfully
2022-06-05_15:49:55.503 [http-nio-8089-exec-5] INFO  c.p.t.r.services.UserServiceImpl - INFO - Get users user started execution
2022-06-05_15:49:55.503 [http-nio-8089-exec-5] WARN  c.p.t.r.services.UserServiceImpl - WARN - Get users user started execution
2022-06-05_15:49:55.503 [http-nio-8089-exec-5] ERROR c.p.t.r.services.UserServiceImpl - ERROR - Get users user started execution
2022-06-05_15:50:31.819 [http-nio-8089-exec-7] INFO  c.p.t.r.services.UserServiceImpl - Adding item(s) to cart started execution
2022-06-05_15:50:31.820 [http-nio-8089-exec-7] INFO  c.p.t.r.services.UserServiceImpl - Checking if user exists started
2022-06-05_15:50:31.821 [http-nio-8089-exec-7] INFO  c.p.t.r.services.UserServiceImpl - User: 8 does exist
2022-06-05_15:50:31.836 [http-nio-8089-exec-7] INFO  c.p.t.r.services.UserServiceImpl - Item(s) added to cart successfully
2022-06-05_15:50:34.401 [http-nio-8089-exec-8] INFO  c.p.t.r.services.UserServiceImpl - INFO - Get users user started execution
2022-06-05_15:50:34.402 [http-nio-8089-exec-8] WARN  c.p.t.r.services.UserServiceImpl - WARN - Get users user started execution
2022-06-05_15:50:34.402 [http-nio-8089-exec-8] ERROR c.p.t.r.services.UserServiceImpl - ERROR - Get users user started execution
2022-06-05_16:10:13.525 [http-nio-8089-exec-5] INFO  c.p.t.r.services.UserServiceImpl - Adding item(s) to cart started execution
2022-06-05_16:10:13.545 [http-nio-8089-exec-5] INFO  c.p.t.r.services.UserServiceImpl - Checking if user exists started
2022-06-05_16:10:13.555 [http-nio-8089-exec-5] INFO  c.p.t.r.services.UserServiceImpl - User: 8 does exist
2022-06-05_16:10:13.626 [http-nio-8089-exec-5] INFO  c.p.t.r.services.UserServiceImpl - Item(s) added to cart successfully
2022-06-05_16:10:16.130 [http-nio-8089-exec-7] INFO  c.p.t.r.services.UserServiceImpl - INFO - Get users user started execution
2022-06-05_16:10:16.130 [http-nio-8089-exec-7] WARN  c.p.t.r.services.UserServiceImpl - WARN - Get users user started execution
2022-06-05_16:10:16.130 [http-nio-8089-exec-7] ERROR c.p.t.r.services.UserServiceImpl - ERROR - Get users user started execution
